<?xml version="1.0" encoding="UTF-8"?>
<testng-results ignored="13" total="14" passed="1" failed="0" skipped="0">
  <reporter-output>
    <line>
      <![CDATA[2022-11-23 11:47:21.514  Information-->  This Test Run does Not imply the Creation of a Xray Test Report]]>
    </line>
    <line>
      <![CDATA[2022-11-23 11:47:21.517  Information-->  Running Suite: Test Set - Sign In, one "QA" environment]]>
    </line>
    <line>
      <![CDATA[2022-11-23 11:47:21.521  Information-->  Capabilities set for Local Android Emulator - Web, OS: 12.0]]>
    </line>
    <line>
      <![CDATA[2022-11-23 11:47:35.395  Information-->  SauceLabs Run Details Status: 200]]>
    </line>
    <line>
      <![CDATA[2022-11-23 11:47:35.417  Action-->  Open Browser: Chrome]]>
    </line>
    <line>
      <![CDATA[2022-11-23 11:47:35.471  Action-->  Delete Cookies]]>
    </line>
    <line>
      <![CDATA[2022-11-23 11:47:36.228  Information-->  eConsent POST API Status Code: 401]]>
    </line>
    <line>
      <![CDATA[2022-11-23 11:47:36.228  Information-->  eConsent POST API Response Body: {"attributes":{"error":"Bad signature"},"error":"Unauthorized","message":"Bad signature","statusCode":401}]]>
    </line>
    <line>
      <![CDATA[2022-11-23 11:47:37.384  Action-->  Enter URL: https://us-participant-auth.se.qav2.researchbinders.com/#/sign-in?language=en]]>
    </line>
    <line>
      <![CDATA[2022-11-23 11:47:37.385  Waiting--> For the Application to Load]]>
    </line>
    <line>
      <![CDATA[2022-11-23 11:47:38.592  Information-->  Application is Running]]>
    </line>
    <line>
      <![CDATA[2022-11-23 11:47:38.607  Waiting--> To be Clickable element: "Username Input Field"]]>
    </line>
    <line>
      <![CDATA[2022-11-23 11:47:39.337  Action-->  Send Text:  "incorrect"  on element: "Username Input Field"]]>
    </line>
    <line>
      <![CDATA[2022-11-23 11:47:39.337  Waiting--> To be Clickable element: "Password Input Field"]]>
    </line>
    <line>
      <![CDATA[2022-11-23 11:47:39.885  Action-->  Send Text:  "incorrect"  on element: "Password Input Field"]]>
    </line>
    <line>
      <![CDATA[2022-11-23 11:47:40.414  Waiting--> To be Visible element: "Sign in Button"]]>
    </line>
    <line>
      <![CDATA[2022-11-23 11:47:40.550  Assert-->  Verification successful - element: "Sign in Button" is Disabled]]>
    </line>
    <line>
      <![CDATA[2022-11-23 11:47:40.558  Waiting--> To be Visible element: "Username Input field"]]>
    </line>
    <line>
      <![CDATA[2022-11-23 11:47:40.677  Assert-->  Verification successful - element: "Username Input field" color is: rgba(229, 28, 35, 1) = Red]]>
    </line>
    <line>
      <![CDATA[2022-11-23 11:47:40.677  Waiting--> To be Visible element: "Username Error Message"]]>
    </line>
    <line>
      <![CDATA[2022-11-23 11:47:41.520  Assert-->  Verification successful. expected: Required == actual: Required]]>
    </line>
    <line>
      <![CDATA[2022-11-23 11:47:41.524  Waiting--> To be Visible element: "Password Input field"]]>
    </line>
    <line>
      <![CDATA[2022-11-23 11:47:41.848  Assert-->  Verification successful - element: "Password Input field" color is: rgba(185, 21, 27, 1) = Red]]>
    </line>
    <line>
      <![CDATA[--- Test Case - participant_Auth_Mobile_Sign_in_with_incorrect_email -- Finish --> {color:#36b37e}*PASSED*{color} ---\n]]>
    </line>
    <line>
      <![CDATA[[32m------------ >>>[ Test PASSED: participant_Auth_Mobile_Sign_in_with_incorrect_email ]<<< ------------[0m]]>
    </line>
    <line>
      <![CDATA[2022-11-23 11:47:41.963  Information-->  Postcondition procedure for TC: participant_Auth_Mobile_Sign_in_with_incorrect_email]]>
    </line>
    <line>
      <![CDATA[2022-11-23 11:47:42.278  Action-->  Refresh Web Page]]>
    </line>
    <line>
      <![CDATA[2022-11-23 11:47:45.993  Action-->  Driver quit]]>
    </line>
  </reporter-output>
  <suite started-at="2022-11-23T11:47:35 CET" name="Test Set - Sign In" finished-at="2022-11-23T11:47:46 CET" duration-ms="10520">
    <groups>
      <group name="iOS">
        <method signature="Sign_In.participant_Auth_Mobile_Sign_in_with_incorrect_email(java.lang.String,java.lang.String,java.lang.String,java.lang.String,org.testng.ITestContext)[pri:0, instance:testing.appium.eConsentTesting.Web.sign_In.Sign_In@7dd392e3]" name="participant_Auth_Mobile_Sign_in_with_incorrect_email" class="testing.appium.eConsentTesting.Web.sign_In.Sign_In"/>
      </group> <!-- iOS -->
      <group name="Android">
        <method signature="Sign_In.participant_Auth_Mobile_Sign_in_with_incorrect_email(java.lang.String,java.lang.String,java.lang.String,java.lang.String,org.testng.ITestContext)[pri:0, instance:testing.appium.eConsentTesting.Web.sign_In.Sign_In@7dd392e3]" name="participant_Auth_Mobile_Sign_in_with_incorrect_email" class="testing.appium.eConsentTesting.Web.sign_In.Sign_In"/>
      </group> <!-- Android -->
    </groups>
    <test started-at="2022-11-23T11:47:35 CET" name="Sign In" finished-at="2022-11-23T11:47:46 CET" duration-ms="10520">
      <class name="testing.appium.eConsentTesting.Web.sign_In.Sign_In">
        <test-method is-config="true" signature="startSession(java.lang.String,java.lang.String,java.lang.String,boolean,org.testng.ITestContext,org.testng.ITestResult)[pri:0, instance:testing.appium.eConsentTesting.Web.sign_In.Sign_In@7dd392e3]" started-at="2022-11-23T11:47:21 CET" name="startSession" description="Set capabilities depending on the platformParameter, Initiate driver and Page Objects, Create Xray Test Run" finished-at="2022-11-23T11:47:35 CET" duration-ms="14007" status="PASS">
          <params>
            <param index="0">
              <value>
                <![CDATA[Local_Android_Emulator_Web]]>
              </value>
            </param>
            <param index="1">
              <value>
                <![CDATA[Android]]>
              </value>
            </param>
            <param index="2">
              <value>
                <![CDATA[Chrome]]>
              </value>
            </param>
            <param index="3">
              <value>
                <![CDATA[false]]>
              </value>
            </param>
            <param index="4">
              <value>
                <![CDATA[org.testng.TestRunner@2ca14d94]]>
              </value>
            </param>
            <param index="5">
              <value is-null="true"/>
            </param>
          </params>
          <reporter-output>
            <line>
              <![CDATA[2022-11-23 11:47:21.514  Information-->  This Test Run does Not imply the Creation of a Xray Test Report]]>
            </line>
            <line>
              <![CDATA[2022-11-23 11:47:21.517  Information-->  Running Suite: Test Set - Sign In, one "QA" environment]]>
            </line>
            <line>
              <![CDATA[2022-11-23 11:47:21.521  Information-->  Capabilities set for Local Android Emulator - Web, OS: 12.0]]>
            </line>
            <line>
              <![CDATA[2022-11-23 11:47:35.395  Information-->  SauceLabs Run Details Status: 200]]>
            </line>
            <line>
              <![CDATA[2022-11-23 11:47:35.417  Action-->  Open Browser: Chrome]]>
            </line>
            <line>
              <![CDATA[2022-11-23 11:47:35.471  Action-->  Delete Cookies]]>
            </line>
          </reporter-output>
        </test-method> <!-- startSession -->
        <test-method is-config="true" signature="precondition()[pri:0, instance:testing.appium.eConsentTesting.Web.sign_In.Sign_In@7dd392e3]" started-at="2022-11-23T11:47:35 CET" name="precondition" description="Wait for the application to boot up" finished-at="2022-11-23T11:47:38 CET" duration-ms="3105" status="PASS">
          <reporter-output>
            <line>
              <![CDATA[2022-11-23 11:47:36.228  Information-->  eConsent POST API Status Code: 401]]>
            </line>
            <line>
              <![CDATA[2022-11-23 11:47:36.228  Information-->  eConsent POST API Response Body: {"attributes":{"error":"Bad signature"},"error":"Unauthorized","message":"Bad signature","statusCode":401}]]>
            </line>
            <line>
              <![CDATA[2022-11-23 11:47:37.384  Action-->  Enter URL: https://us-participant-auth.se.qav2.researchbinders.com/#/sign-in?language=en]]>
            </line>
            <line>
              <![CDATA[2022-11-23 11:47:37.385  Waiting--> For the Application to Load]]>
            </line>
            <line>
              <![CDATA[2022-11-23 11:47:38.592  Information-->  Application is Running]]>
            </line>
          </reporter-output>
        </test-method> <!-- precondition -->
        <test-method is-config="true" signature="beforeMethod(java.lang.reflect.Method,java.lang.String,java.lang.String,java.lang.String,org.testng.ITestResult)[pri:0, instance:testing.appium.eConsentTesting.Web.sign_In.Sign_In@7dd392e3]" started-at="2022-11-23T11:47:38 CET" name="beforeMethod" description="Set the Diver attribute for the needs of the result" finished-at="2022-11-23T11:47:38 CET" duration-ms="1" status="PASS">
          <params>
            <param index="0">
              <value>
                <![CDATA[public void testing.appium.eConsentTesting.Web.sign_In.Sign_In.participant_Auth_Mobile_Sign_in_with_incorrect_email(java.lang.String,java.lang.String,java.lang.String,java.lang.String,org.testng.ITestContext)]]>
              </value>
            </param>
            <param index="1">
              <value>
                <![CDATA[Chrome]]>
              </value>
            </param>
            <param index="2">
              <value>
                <![CDATA[Local_Android_Emulator_Web]]>
              </value>
            </param>
            <param index="3">
              <value>
                <![CDATA[Android]]>
              </value>
            </param>
            <param index="4">
              <value>
                <![CDATA[[TestResult name={null} status=CREATED method=Sign_In.participant_Auth_Mobile_Sign_in_with_incorrect_email(java.lang.String,java.lang.String,java.lang.String,java.lang.String,org.testng.ITestContext)[pri:0, instance:testing.appium.eConsentTesting.Web.sign_In.Sign_In@7dd392e3] output={null}]]]>
              </value>
            </param>
          </params>
          <reporter-output>
          </reporter-output>
        </test-method> <!-- beforeMethod -->
        <test-method signature="participant_Auth_Mobile_Sign_in_with_incorrect_email(java.lang.String,java.lang.String,java.lang.String,java.lang.String,org.testng.ITestContext)[pri:0, instance:testing.appium.eConsentTesting.Web.sign_In.Sign_In@7dd392e3]" started-at="2022-11-23T11:47:38 CET" name="participant_Auth_Mobile_Sign_in_with_incorrect_email" description="Test case checks if login is possible with Incorrect Input" finished-at="2022-11-23T11:47:41 CET" duration-ms="3244" status="PASS">
          <params>
            <param index="0">
              <value>
                <![CDATA[Participant]]>
              </value>
            </param>
            <param index="1">
              <value>
                <![CDATA[Android]]>
              </value>
            </param>
            <param index="2">
              <value>
                <![CDATA[incorrect]]>
              </value>
            </param>
            <param index="3">
              <value>
                <![CDATA[incorrect]]>
              </value>
            </param>
            <param index="4">
              <value>
                <![CDATA[org.testng.TestRunner@2ca14d94]]>
              </value>
            </param>
          </params>
          <reporter-output>
            <line>
              <![CDATA[2022-11-23 11:47:38.607  Waiting--> To be Clickable element: "Username Input Field"]]>
            </line>
            <line>
              <![CDATA[2022-11-23 11:47:39.337  Action-->  Send Text:  "incorrect"  on element: "Username Input Field"]]>
            </line>
            <line>
              <![CDATA[2022-11-23 11:47:39.337  Waiting--> To be Clickable element: "Password Input Field"]]>
            </line>
            <line>
              <![CDATA[2022-11-23 11:47:39.885  Action-->  Send Text:  "incorrect"  on element: "Password Input Field"]]>
            </line>
            <line>
              <![CDATA[2022-11-23 11:47:40.414  Waiting--> To be Visible element: "Sign in Button"]]>
            </line>
            <line>
              <![CDATA[2022-11-23 11:47:40.550  Assert-->  Verification successful - element: "Sign in Button" is Disabled]]>
            </line>
            <line>
              <![CDATA[2022-11-23 11:47:40.558  Waiting--> To be Visible element: "Username Input field"]]>
            </line>
            <line>
              <![CDATA[2022-11-23 11:47:40.677  Assert-->  Verification successful - element: "Username Input field" color is: rgba(229, 28, 35, 1) = Red]]>
            </line>
            <line>
              <![CDATA[2022-11-23 11:47:40.677  Waiting--> To be Visible element: "Username Error Message"]]>
            </line>
            <line>
              <![CDATA[2022-11-23 11:47:41.520  Assert-->  Verification successful. expected: Required == actual: Required]]>
            </line>
            <line>
              <![CDATA[2022-11-23 11:47:41.524  Waiting--> To be Visible element: "Password Input field"]]>
            </line>
            <line>
              <![CDATA[2022-11-23 11:47:41.848  Assert-->  Verification successful - element: "Password Input field" color is: rgba(185, 21, 27, 1) = Red]]>
            </line>
            <line>
              <![CDATA[--- Test Case - participant_Auth_Mobile_Sign_in_with_incorrect_email -- Finish --> {color:#36b37e}*PASSED*{color} ---\n]]>
            </line>
            <line>
              <![CDATA[[32m------------ >>>[ Test PASSED: participant_Auth_Mobile_Sign_in_with_incorrect_email ]<<< ------------[0m]]>
            </line>
          </reporter-output>
        </test-method> <!-- participant_Auth_Mobile_Sign_in_with_incorrect_email -->
        <test-method is-config="true" signature="postcondition(java.lang.String)[pri:0, instance:testing.appium.eConsentTesting.Web.sign_In.Sign_In@7dd392e3]" started-at="2022-11-23T11:47:41 CET" name="postcondition" description="Restore the application to the minimum common state for all Test Cases" finished-at="2022-11-23T11:47:42 CET" duration-ms="316" status="PASS">
          <params>
            <param index="0">
              <value>
                <![CDATA[Chrome]]>
              </value>
            </param>
          </params>
          <reporter-output>
            <line>
              <![CDATA[2022-11-23 11:47:41.963  Information-->  Postcondition procedure for TC: participant_Auth_Mobile_Sign_in_with_incorrect_email]]>
            </line>
            <line>
              <![CDATA[2022-11-23 11:47:42.278  Action-->  Refresh Web Page]]>
            </line>
          </reporter-output>
        </test-method> <!-- postcondition -->
        <test-method is-config="true" signature="endSession()[pri:0, instance:testing.appium.eConsentTesting.Web.sign_In.Sign_In@7dd392e3]" started-at="2022-11-23T11:47:42 CET" name="endSession" description="Quit the driver and close the session" finished-at="2022-11-23T11:47:45 CET" duration-ms="3708" status="PASS">
          <reporter-output>
            <line>
              <![CDATA[2022-11-23 11:47:45.993  Action-->  Driver quit]]>
            </line>
          </reporter-output>
        </test-method> <!-- endSession -->
      </class> <!-- testing.appium.eConsentTesting.Web.sign_In.Sign_In -->
    </test> <!-- Sign In -->
  </suite> <!-- Test Set - Sign In -->
</testng-results>
