<?xml version="1.0" encoding="UTF-8"?>
<testng-results ignored="13" total="14" passed="1" failed="0" skipped="0">
  <reporter-output>
    <line>
      <![CDATA[2022-11-30 13:43:41.147  Information-->  Request body: {"invitingSystem":"econsent","siteName":"JSD PARTIZAN","invitingOrganizationId":"635a81c6dbd660009ecbace9","language":"en","invitingUserType":"clinical","invitingUserId":"632871400ada1c0061ded2f6","email":"okok@kokok.ca","inviteMethod":"email"}]]>
    </line>
    <line>
      <![CDATA[2022-11-30 13:43:41.150  Information-->  Content-length: 244]]>
    </line>
    <line>
      <![CDATA[2022-11-30 13:43:41.152  Information-->  x-content-sha256: /j3O0Uw7CfHlL2iALKp32UBAPP8upf31eg3/uigkMqM=]]>
    </line>
    <line>
      <![CDATA[2022-11-30 13:43:41.152  Information-->  x-nikola_x_content_sha256-sha256: eKMJCkP2Egui+xCrPOATggcaL9mDv7Mdo57Hc9I3ET4=]]>
    </line>
    <line>
      <![CDATA[2022-11-30 13:43:41.328  Information-->  Headers To Sign: content-type:application/json, text/plain, */* content-length:244 x-content-sha256:eKMJCkP2Egui+xCrPOATggcaL9mDv7Mdo57Hc9I3ET4=]]>
    </line>
    <line>
      <![CDATA[2022-11-30 13:43:41.330  Information-->  httpSignature: 9/8zUztjzsImmC6bGpHlW/dM1M37xoQvW8avjiLj90BRpVdmR/ZuL+OQizs1SlA/GEQXxj0a6ScE5LGAyyaMEQ==]]>
    </line>
    <line>
      <![CDATA[2022-11-30 13:43:41.330  Information-->  authorization: Signature keyId="participant.auth@florencehc.com",algorithm="hmac-sha512",headers="host date content-type content-length x-content-sha256",signature="9/8zUztjzsImmC6bGpHlW/dM1M37xoQvW8avjiLj90BRpVdmR/ZuL+OQizs1SlA/GEQXxj0a6ScE5LGAyyaMEQ=="]]>
    </line>
    <line>
      <![CDATA[2022-11-30 13:43:42.060  Information-->  eConsent POST API Status Code: 401]]>
    </line>
    <line>
      <![CDATA[2022-11-30 13:43:42.061  Information-->  eConsent POST API Response Body: {"error":"Unauthorized","message":"Missing authentication","statusCode":401}]]>
    </line>
    <line>
      <![CDATA[2022-11-30 13:43:42.093  Information-->  This Test Run does Not imply the Creation of a Xray Test Report]]>
    </line>
    <line>
      <![CDATA[2022-11-30 13:43:42.094  Information-->  Running Suite: Test Set - Sign In, one "UAT" environment]]>
    </line>
    <line>
      <![CDATA[2022-11-30 13:43:42.099  Information-->  Capabilities set for Local Android Emulator - Web, OS: 12]]>
    </line>
    <line>
      <![CDATA[2022-11-30 13:43:59.304  Information-->  SauceLabs Run Details Status: 200]]>
    </line>
    <line>
      <![CDATA[2022-11-30 13:43:59.343  Action-->  Open Browser: Chrome]]>
    </line>
    <line>
      <![CDATA[2022-11-30 13:43:59.405  Action-->  Delete Cookies]]>
    </line>
    <line>
      <![CDATA[2022-11-30 13:44:00.707  Action-->  Enter URL: https://us-participant-auth.se.uatv2.researchbinders.com/#/sign-in?language=en]]>
    </line>
    <line>
      <![CDATA[2022-11-30 13:44:00.713  Waiting--> For the Application to Load]]>
    </line>
    <line>
      <![CDATA[2022-11-30 13:44:01.681  Information-->  Application is Running]]>
    </line>
    <line>
      <![CDATA[2022-11-30 13:44:01.713  Waiting--> To be Clickable element: "Username Input Field"]]>
    </line>
    <line>
      <![CDATA[2022-11-30 13:44:02.819  Action-->  Send Text:  "incorrect"  on element: "Username Input Field"]]>
    </line>
    <line>
      <![CDATA[2022-11-30 13:44:02.821  Waiting--> To be Clickable element: "Password Input Field"]]>
    </line>
    <line>
      <![CDATA[2022-11-30 13:44:04.488  Action-->  Send Text:  "incorrect"  on element: "Password Input Field"]]>
    </line>
    <line>
      <![CDATA[2022-11-30 13:44:05.246  Waiting--> To be Visible element: "Sign in Button"]]>
    </line>
    <line>
      <![CDATA[2022-11-30 13:44:05.405  Assert-->  Verification successful - element: "Sign in Button" is Disabled]]>
    </line>
    <line>
      <![CDATA[2022-11-30 13:44:05.407  Waiting--> To be Visible element: "Username Input field"]]>
    </line>
    <line>
      <![CDATA[2022-11-30 13:44:05.500  Assert-->  Verification successful - element: "Username Input field" color is: rgba(229, 28, 35, 1) = Red]]>
    </line>
    <line>
      <![CDATA[2022-11-30 13:44:05.500  Waiting--> To be Visible element: "Username Error Message"]]>
    </line>
    <line>
      <![CDATA[2022-11-30 13:44:05.597  Assert-->  Verification successful. expected: Required == actual: Required]]>
    </line>
    <line>
      <![CDATA[2022-11-30 13:44:05.597  Waiting--> To be Visible element: "Password Input field"]]>
    </line>
    <line>
      <![CDATA[2022-11-30 13:44:05.686  Assert-->  Verification successful - element: "Password Input field" color is: rgba(185, 21, 27, 1) = Red]]>
    </line>
    <line>
      <![CDATA[--- Test Case - participant_Auth_Mobile_Sign_in_with_incorrect_email -- Finish --> {color:#36b37e}*PASSED*{color} ---\n]]>
    </line>
    <line>
      <![CDATA[[32m------------ >>>[ Test PASSED: participant_Auth_Mobile_Sign_in_with_incorrect_email ]<<< ------------[0m]]>
    </line>
    <line>
      <![CDATA[2022-11-30 13:44:05.697  Information-->  Postcondition procedure for TC: participant_Auth_Mobile_Sign_in_with_incorrect_email]]>
    </line>
    <line>
      <![CDATA[2022-11-30 13:44:05.990  Action-->  Refresh Web Page]]>
    </line>
    <line>
      <![CDATA[2022-11-30 13:44:07.360  Action-->  Driver quit]]>
    </line>
  </reporter-output>
  <suite started-at="2022-11-30T13:43:59 CET" name="Test Set - Sign In" finished-at="2022-11-30T13:44:07 CET" duration-ms="7953">
    <groups>
      <group name="iOS">
        <method signature="Sign_In.participant_Auth_Mobile_Sign_in_with_incorrect_email(java.lang.String,java.lang.String,java.lang.String,java.lang.String,org.testng.ITestContext)[pri:0, instance:testing.appium.eConsentTesting.Web.sign_In.Sign_In@65782162]" name="participant_Auth_Mobile_Sign_in_with_incorrect_email" class="testing.appium.eConsentTesting.Web.sign_In.Sign_In"/>
      </group> <!-- iOS -->
      <group name="Android">
        <method signature="Sign_In.participant_Auth_Mobile_Sign_in_with_incorrect_email(java.lang.String,java.lang.String,java.lang.String,java.lang.String,org.testng.ITestContext)[pri:0, instance:testing.appium.eConsentTesting.Web.sign_In.Sign_In@65782162]" name="participant_Auth_Mobile_Sign_in_with_incorrect_email" class="testing.appium.eConsentTesting.Web.sign_In.Sign_In"/>
      </group> <!-- Android -->
    </groups>
    <test started-at="2022-11-30T13:43:59 CET" name="Sign In" finished-at="2022-11-30T13:44:07 CET" duration-ms="7953">
      <class name="testing.appium.eConsentTesting.Web.sign_In.Sign_In">
        <test-method is-config="true" signature="startSession(java.lang.String,java.lang.String,java.lang.String,boolean,org.testng.ITestContext,org.testng.ITestResult)[pri:0, instance:testing.appium.eConsentTesting.Web.sign_In.Sign_In@65782162]" started-at="2022-11-30T13:43:41 CET" name="startSession" description="Set capabilities depending on the platformParameter, Initiate driver and Page Objects, Create Xray Test Run" finished-at="2022-11-30T13:43:59 CET" duration-ms="18274" status="PASS">
          <params>
            <param index="0">
              <value>
                <![CDATA[Local_Android_Emulator_Web]]>
              </value>
            </param>
            <param index="1">
              <value>
                <![CDATA[Android]]>
              </value>
            </param>
            <param index="2">
              <value>
                <![CDATA[Chrome]]>
              </value>
            </param>
            <param index="3">
              <value>
                <![CDATA[false]]>
              </value>
            </param>
            <param index="4">
              <value>
                <![CDATA[org.testng.TestRunner@5b024e87]]>
              </value>
            </param>
            <param index="5">
              <value is-null="true"/>
            </param>
          </params>
          <reporter-output>
            <line>
              <![CDATA[2022-11-30 13:43:41.147  Information-->  Request body: {"invitingSystem":"econsent","siteName":"JSD PARTIZAN","invitingOrganizationId":"635a81c6dbd660009ecbace9","language":"en","invitingUserType":"clinical","invitingUserId":"632871400ada1c0061ded2f6","email":"okok@kokok.ca","inviteMethod":"email"}]]>
            </line>
            <line>
              <![CDATA[2022-11-30 13:43:41.150  Information-->  Content-length: 244]]>
            </line>
            <line>
              <![CDATA[2022-11-30 13:43:41.152  Information-->  x-content-sha256: /j3O0Uw7CfHlL2iALKp32UBAPP8upf31eg3/uigkMqM=]]>
            </line>
            <line>
              <![CDATA[2022-11-30 13:43:41.152  Information-->  x-nikola_x_content_sha256-sha256: eKMJCkP2Egui+xCrPOATggcaL9mDv7Mdo57Hc9I3ET4=]]>
            </line>
            <line>
              <![CDATA[2022-11-30 13:43:41.328  Information-->  Headers To Sign: content-type:application/json, text/plain, */* content-length:244 x-content-sha256:eKMJCkP2Egui+xCrPOATggcaL9mDv7Mdo57Hc9I3ET4=]]>
            </line>
            <line>
              <![CDATA[2022-11-30 13:43:41.330  Information-->  httpSignature: 9/8zUztjzsImmC6bGpHlW/dM1M37xoQvW8avjiLj90BRpVdmR/ZuL+OQizs1SlA/GEQXxj0a6ScE5LGAyyaMEQ==]]>
            </line>
            <line>
              <![CDATA[2022-11-30 13:43:41.330  Information-->  authorization: Signature keyId="participant.auth@florencehc.com",algorithm="hmac-sha512",headers="host date content-type content-length x-content-sha256",signature="9/8zUztjzsImmC6bGpHlW/dM1M37xoQvW8avjiLj90BRpVdmR/ZuL+OQizs1SlA/GEQXxj0a6ScE5LGAyyaMEQ=="]]>
            </line>
            <line>
              <![CDATA[2022-11-30 13:43:42.060  Information-->  eConsent POST API Status Code: 401]]>
            </line>
            <line>
              <![CDATA[2022-11-30 13:43:42.061  Information-->  eConsent POST API Response Body: {"error":"Unauthorized","message":"Missing authentication","statusCode":401}]]>
            </line>
            <line>
              <![CDATA[2022-11-30 13:43:42.093  Information-->  This Test Run does Not imply the Creation of a Xray Test Report]]>
            </line>
            <line>
              <![CDATA[2022-11-30 13:43:42.094  Information-->  Running Suite: Test Set - Sign In, one "UAT" environment]]>
            </line>
            <line>
              <![CDATA[2022-11-30 13:43:42.099  Information-->  Capabilities set for Local Android Emulator - Web, OS: 12]]>
            </line>
            <line>
              <![CDATA[2022-11-30 13:43:59.304  Information-->  SauceLabs Run Details Status: 200]]>
            </line>
            <line>
              <![CDATA[2022-11-30 13:43:59.343  Action-->  Open Browser: Chrome]]>
            </line>
            <line>
              <![CDATA[2022-11-30 13:43:59.405  Action-->  Delete Cookies]]>
            </line>
          </reporter-output>
        </test-method> <!-- startSession -->
        <test-method is-config="true" signature="precondition()[pri:0, instance:testing.appium.eConsentTesting.Web.sign_In.Sign_In@65782162]" started-at="2022-11-30T13:43:59 CET" name="precondition" description="Wait for the application to boot up" finished-at="2022-11-30T13:44:01 CET" duration-ms="2259" status="PASS">
          <reporter-output>
            <line>
              <![CDATA[2022-11-30 13:44:00.707  Action-->  Enter URL: https://us-participant-auth.se.uatv2.researchbinders.com/#/sign-in?language=en]]>
            </line>
            <line>
              <![CDATA[2022-11-30 13:44:00.713  Waiting--> For the Application to Load]]>
            </line>
            <line>
              <![CDATA[2022-11-30 13:44:01.681  Information-->  Application is Running]]>
            </line>
          </reporter-output>
        </test-method> <!-- precondition -->
        <test-method is-config="true" signature="beforeMethod(java.lang.reflect.Method,java.lang.String,java.lang.String,java.lang.String,org.testng.ITestResult)[pri:0, instance:testing.appium.eConsentTesting.Web.sign_In.Sign_In@65782162]" started-at="2022-11-30T13:44:01 CET" name="beforeMethod" description="Set the Diver attribute for the needs of the result" finished-at="2022-11-30T13:44:01 CET" duration-ms="0" status="PASS">
          <params>
            <param index="0">
              <value>
                <![CDATA[public void testing.appium.eConsentTesting.Web.sign_In.Sign_In.participant_Auth_Mobile_Sign_in_with_incorrect_email(java.lang.String,java.lang.String,java.lang.String,java.lang.String,org.testng.ITestContext)]]>
              </value>
            </param>
            <param index="1">
              <value>
                <![CDATA[Chrome]]>
              </value>
            </param>
            <param index="2">
              <value>
                <![CDATA[Local_Android_Emulator_Web]]>
              </value>
            </param>
            <param index="3">
              <value>
                <![CDATA[Android]]>
              </value>
            </param>
            <param index="4">
              <value>
                <![CDATA[[TestResult name={null} status=CREATED method=Sign_In.participant_Auth_Mobile_Sign_in_with_incorrect_email(java.lang.String,java.lang.String,java.lang.String,java.lang.String,org.testng.ITestContext)[pri:0, instance:testing.appium.eConsentTesting.Web.sign_In.Sign_In@65782162] output={null}]]]>
              </value>
            </param>
          </params>
          <reporter-output>
          </reporter-output>
        </test-method> <!-- beforeMethod -->
        <test-method signature="participant_Auth_Mobile_Sign_in_with_incorrect_email(java.lang.String,java.lang.String,java.lang.String,java.lang.String,org.testng.ITestContext)[pri:0, instance:testing.appium.eConsentTesting.Web.sign_In.Sign_In@65782162]" started-at="2022-11-30T13:44:01 CET" name="participant_Auth_Mobile_Sign_in_with_incorrect_email" description="Test case checks if login is possible with Incorrect Input" finished-at="2022-11-30T13:44:05 CET" duration-ms="3975" status="PASS">
          <params>
            <param index="0">
              <value>
                <![CDATA[Participant]]>
              </value>
            </param>
            <param index="1">
              <value>
                <![CDATA[Android]]>
              </value>
            </param>
            <param index="2">
              <value>
                <![CDATA[incorrect]]>
              </value>
            </param>
            <param index="3">
              <value>
                <![CDATA[incorrect]]>
              </value>
            </param>
            <param index="4">
              <value>
                <![CDATA[org.testng.TestRunner@5b024e87]]>
              </value>
            </param>
          </params>
          <reporter-output>
            <line>
              <![CDATA[2022-11-30 13:44:01.713  Waiting--> To be Clickable element: "Username Input Field"]]>
            </line>
            <line>
              <![CDATA[2022-11-30 13:44:02.819  Action-->  Send Text:  "incorrect"  on element: "Username Input Field"]]>
            </line>
            <line>
              <![CDATA[2022-11-30 13:44:02.821  Waiting--> To be Clickable element: "Password Input Field"]]>
            </line>
            <line>
              <![CDATA[2022-11-30 13:44:04.488  Action-->  Send Text:  "incorrect"  on element: "Password Input Field"]]>
            </line>
            <line>
              <![CDATA[2022-11-30 13:44:05.246  Waiting--> To be Visible element: "Sign in Button"]]>
            </line>
            <line>
              <![CDATA[2022-11-30 13:44:05.405  Assert-->  Verification successful - element: "Sign in Button" is Disabled]]>
            </line>
            <line>
              <![CDATA[2022-11-30 13:44:05.407  Waiting--> To be Visible element: "Username Input field"]]>
            </line>
            <line>
              <![CDATA[2022-11-30 13:44:05.500  Assert-->  Verification successful - element: "Username Input field" color is: rgba(229, 28, 35, 1) = Red]]>
            </line>
            <line>
              <![CDATA[2022-11-30 13:44:05.500  Waiting--> To be Visible element: "Username Error Message"]]>
            </line>
            <line>
              <![CDATA[2022-11-30 13:44:05.597  Assert-->  Verification successful. expected: Required == actual: Required]]>
            </line>
            <line>
              <![CDATA[2022-11-30 13:44:05.597  Waiting--> To be Visible element: "Password Input field"]]>
            </line>
            <line>
              <![CDATA[2022-11-30 13:44:05.686  Assert-->  Verification successful - element: "Password Input field" color is: rgba(185, 21, 27, 1) = Red]]>
            </line>
            <line>
              <![CDATA[--- Test Case - participant_Auth_Mobile_Sign_in_with_incorrect_email -- Finish --> {color:#36b37e}*PASSED*{color} ---\n]]>
            </line>
            <line>
              <![CDATA[[32m------------ >>>[ Test PASSED: participant_Auth_Mobile_Sign_in_with_incorrect_email ]<<< ------------[0m]]>
            </line>
          </reporter-output>
        </test-method> <!-- participant_Auth_Mobile_Sign_in_with_incorrect_email -->
        <test-method is-config="true" signature="postcondition(java.lang.String)[pri:0, instance:testing.appium.eConsentTesting.Web.sign_In.Sign_In@65782162]" started-at="2022-11-30T13:44:05 CET" name="postcondition" description="Restore the application to the minimum common state for all Test Cases" finished-at="2022-11-30T13:44:05 CET" duration-ms="294" status="PASS">
          <params>
            <param index="0">
              <value>
                <![CDATA[Chrome]]>
              </value>
            </param>
          </params>
          <reporter-output>
            <line>
              <![CDATA[2022-11-30 13:44:05.697  Information-->  Postcondition procedure for TC: participant_Auth_Mobile_Sign_in_with_incorrect_email]]>
            </line>
            <line>
              <![CDATA[2022-11-30 13:44:05.990  Action-->  Refresh Web Page]]>
            </line>
          </reporter-output>
        </test-method> <!-- postcondition -->
        <test-method is-config="true" signature="endSession()[pri:0, instance:testing.appium.eConsentTesting.Web.sign_In.Sign_In@65782162]" started-at="2022-11-30T13:44:06 CET" name="endSession" description="Quit the driver and close the session" finished-at="2022-11-30T13:44:07 CET" duration-ms="1364" status="PASS">
          <reporter-output>
            <line>
              <![CDATA[2022-11-30 13:44:07.360  Action-->  Driver quit]]>
            </line>
          </reporter-output>
        </test-method> <!-- endSession -->
      </class> <!-- testing.appium.eConsentTesting.Web.sign_In.Sign_In -->
    </test> <!-- Sign In -->
  </suite> <!-- Test Set - Sign In -->
</testng-results>
